2019-04-17 01:13:13,568 INFO o.a.j.u.JMeterUtils: Setting Locale to en_EN
2019-04-17 01:13:13,606 INFO o.a.j.JMeter: Loading user properties from: user.properties
2019-04-17 01:13:13,607 INFO o.a.j.JMeter: Loading system properties from: system.properties
2019-04-17 01:13:13,631 INFO o.a.j.JMeter: Copyright (c) 1998-2019 The Apache Software Foundation
2019-04-17 01:13:13,631 INFO o.a.j.JMeter: Version 5.1.1 r1855137
2019-04-17 01:13:13,631 INFO o.a.j.JMeter: java.version=1.8.0_201
2019-04-17 01:13:13,631 INFO o.a.j.JMeter: java.vm.name=Java HotSpot(TM) 64-Bit Server VM
2019-04-17 01:13:13,632 INFO o.a.j.JMeter: os.name=Windows 10
2019-04-17 01:13:13,632 INFO o.a.j.JMeter: os.arch=amd64
2019-04-17 01:13:13,632 INFO o.a.j.JMeter: os.version=10.0
2019-04-17 01:13:13,632 INFO o.a.j.JMeter: file.encoding=Cp1252
2019-04-17 01:13:13,632 INFO o.a.j.JMeter: java.awt.headless=null
2019-04-17 01:13:13,633 INFO o.a.j.JMeter: Max memory     =1073741824
2019-04-17 01:13:13,633 INFO o.a.j.JMeter: Available Processors =4
2019-04-17 01:13:13,640 INFO o.a.j.JMeter: Default Locale=English (EN)
2019-04-17 01:13:13,641 INFO o.a.j.JMeter: JMeter  Locale=English (EN)
2019-04-17 01:13:13,641 INFO o.a.j.JMeter: JMeterHome=C:\JMeter
2019-04-17 01:13:13,641 INFO o.a.j.JMeter: user.dir  =C:\JMeter\bin
2019-04-17 01:13:13,642 INFO o.a.j.JMeter: PWD       =C:\JMeter\bin
2019-04-17 01:13:13,644 INFO o.a.j.JMeter: IP: 192.168.43.108 Name: DESKTOP-MGKT04A FullName: DESKTOP-MGKT04A
2019-04-17 01:13:13,982 INFO o.a.j.g.a.LookAndFeelCommand: Installing Darcula LAF
2019-04-17 01:13:14,012 INFO o.a.j.g.a.LookAndFeelCommand: Using look and feel: com.bulenkov.darcula.DarculaLaf [Darcula]
2019-04-17 01:13:14,013 INFO o.a.j.JMeter: Setting LAF to: com.bulenkov.darcula.DarculaLaf
2019-04-17 01:13:14,137 INFO o.a.j.JMeter: Loaded icon properties from org/apache/jmeter/images/icon.properties
2019-04-17 01:13:20,702 INFO o.j.r.JARSourceHTTP: Found cached repo
2019-04-17 01:13:21,046 INFO o.j.r.PluginManager: Plugins Status: [jpgc-graphs-basic=2.0, jpgc-graphs-additional=2.0, jpgc-autostop=0.1, blazemeter-debugger=0.6, jpgc-sense=3.5, jpgc-cmd=2.2, jpgc-graphs-composite=2.0, jpgc-csl=0.1, jpgc-functions=2.1, custom-soap=1.3.3, jpgc-casutg=2.8, jpgc-dbmon=0.1, jpgc-directory-listing=0.2, jpgc-graphs-dist=2.0, jpgc-dummy=0.2, jmeter.backendlistener.elasticsearch=2.6.1, jpgc-filterresults=2.2, jpgc-ffw=2.0, jpgc-ggl=2.0, bzm-hls=1.3, jpgc-httpraw=0.1, jpgc-sts=2.4, bzm-http2=1.4, jpgc-fifo=0.2, jpgc-jms=0.2, jpgc-jmxmon=0.2, jpgc-graphs-vs=2.0, jpgc-lockfile=0.1, jpgc-mergeresults=2.1, jpgc-pde=0.1, bzm-parallel=0.9, jpgc-prmctl=0.4, jpgc-perfmon=2.1, jpgc-plugins-manager=1.3, bzm-rte=1.1.1, bzm-random-csv=0.6, jpgc-redis=0.3, jpgc-rotating-listener=0.2, ssh-sampler=1.1.1-SNAPSHOT, tilln-sshmon=1.1, jpgc-webdriver=3.0, jpgc-synthesis=2.2, jpgc-plancheck=2.4, jpgc-tst=2.5, jpgc-udp=0.4, jpgc-csvars=0.1, tilln-wssecurity=1.6, jpgc-wsc=0.7, jpgc-xml=0.1, jmeter-core=5.1.1, jmeter-ftp=5.1.1, jmeter-http=5.1.1, jmeter-jdbc=5.1.1, jmeter-jms=5.1.1, jmeter-junit=5.1.1, jmeter-java=5.1.1, jmeter-ldap=5.1.1, jmeter-mail=5.1.1, jmeter-mongodb=5.1.1, jmeter-native=5.1.1, jmeter-tcp=5.1.1, jmeter-components=5.1.1, jpgc-standard=2.0]
2019-04-17 01:13:22,391 INFO o.a.j.p.h.s.HTTPSamplerBase: Parser for text/html is org.apache.jmeter.protocol.http.parser.LagartoBasedHtmlParser
2019-04-17 01:13:22,392 INFO o.a.j.p.h.s.HTTPSamplerBase: Parser for application/xhtml+xml is org.apache.jmeter.protocol.http.parser.LagartoBasedHtmlParser
2019-04-17 01:13:22,392 INFO o.a.j.p.h.s.HTTPSamplerBase: Parser for application/xml is org.apache.jmeter.protocol.http.parser.LagartoBasedHtmlParser
2019-04-17 01:13:22,392 INFO o.a.j.p.h.s.HTTPSamplerBase: Parser for text/xml is org.apache.jmeter.protocol.http.parser.LagartoBasedHtmlParser
2019-04-17 01:13:22,393 INFO o.a.j.p.h.s.HTTPSamplerBase: Parser for text/vnd.wap.wml is org.apache.jmeter.protocol.http.parser.RegexpHTMLParser
2019-04-17 01:13:22,393 INFO o.a.j.p.h.s.HTTPSamplerBase: Parser for text/css is org.apache.jmeter.protocol.http.parser.CssParser
2019-04-17 01:13:22,697 WARN o.a.j.u.JMeterUtils: no icon for toolbar/19x19arrow-right-3.png
2019-04-17 01:13:22,736 INFO o.a.j.s.SampleResult: Note: Sample TimeStamps are START times
2019-04-17 01:13:22,736 INFO o.a.j.s.SampleResult: sampleresult.default.encoding is set to ISO-8859-1
2019-04-17 01:13:22,736 INFO o.a.j.s.SampleResult: sampleresult.useNanoTime=true
2019-04-17 01:13:22,736 INFO o.a.j.s.SampleResult: sampleresult.nanoThreadSleep=5000
2019-04-17 01:13:24,664 WARN o.a.j.g.ObjectTableModel: Header count=13 but classes count=11
2019-04-17 01:13:24,664 WARN o.a.j.g.ObjectTableModel: Header count=13 but writeFunctor count=11
2019-04-17 01:13:26,986 INFO o.a.j.e.KeyToolUtils: keytool found at 'keytool'
2019-04-17 01:13:26,988 INFO o.a.j.p.h.p.ProxyControl: HTTP(S) Test Script Recorder SSL Proxy will use keys that support embedded 3rd party resources in file C:\JMeter\bin\proxyserver.jks
2019-04-17 01:13:27,664 INFO o.a.j.s.FileServer: Default base='C:\JMeter\bin'
